<?xml version="1.0" encoding="ISO-8859-1"?>
<!--

    Copyright (C) 2009 eXo Platform SAS.

    This is free software; you can redistribute it and/or modify it
    under the terms of the GNU Lesser General Public License as
    published by the Free Software Foundation; either version 2.1 of
    the License, or (at your option) any later version.

    This software is distributed in the hope that it will be useful,
    but WITHOUT ANY WARRANTY; without even the implied warranty of
    MERCHANTABILITY or FITNESS FOR A PARTICULAR PURPOSE. See the GNU
    Lesser General Public License for more details.

    You should have received a copy of the GNU Lesser General Public
    License along with this software; if not, write to the Free
    Software Foundation, Inc., 51 Franklin St, Fifth Floor, Boston, MA
    02110-1301 USA, or see the FSF site: http://www.fsf.org.

-->
<repository-service default-repository="db1">
   <repositories>
      <repository name="db1" system-workspace="ws" default-workspace="ws">
         <security-domain>exo-domain</security-domain>
         <!-- access-control>optional</access-control -->
         <!-- access-control>disable</access-control -->
         <session-max-age>1h</session-max-age>
         <authentication-policy>org.exoplatform.services.jcr.impl.core.access.JAASAuthenticator</authentication-policy>
         <workspaces>
            <workspace name="ws">
               <!-- for system storage -->
               <container class="org.exoplatform.services.jcr.impl.storage.tokumx.MXWorkspaceDataContainer">
                  <properties>
                     <property name="max-buffer-size" value="200k" />
                     <property name="swap-directory" value="target/temp/swap/ws" />
                     <property name="collection-name-suffix" value="db1ws" />
                     <property name="use-sequence-for-order-number" value="${use-sequence}" />
                     <property name="auto-commit" value="${auto-commit}" />
                     <property name="connection-uri" value="${connection-uri}" />
                  </properties>
                  <value-storages>
                     <value-storage id="ws" class="org.exoplatform.services.jcr.impl.storage.value.gfs.GridFSValueStorage">
                        <properties>
                           <property name="connection-uri" value="${connection-uri}" />
                           <property name="enabled" value="${value-storage-enabled}" />
                        </properties>
                        <filters>
                           <filter property-type="Binary" />
                        </filters>
                     </value-storage>
                  </value-storages>
               </container>
               <initializer class="org.exoplatform.services.jcr.impl.core.ScratchWorkspaceInitializer">
                  <properties>
                     <property name="root-nodetype" value="nt:unstructured" />
                  </properties>
               </initializer>
               <cache enabled="${cache-enabled}" class="org.exoplatform.services.jcr.impl.dataflow.persistent.infinispan.ISPNCacheWorkspaceStorageCache">
                  <properties>
                     <property name="infinispan-configuration" value="conf/standalone/test-infinispan-config.xml" />
                  </properties>
               </cache>
               <query-handler class="org.exoplatform.services.jcr.impl.core.query.lucene.SearchIndex">
                  <properties>
                     <property name="index-dir" value="target/temp/index/db1/ws" />
                     <property name="indexing-load-batching-threshold-node" value="5" />
                     <property name="indexing-load-batching-threshold-property" value="10" />
                     <property name="indexing-load-batching-threshold-dynamic" value="true" />
                     <property name="indexing-load-batching-threshold-ttl" value="15s" />
                   </properties>
               </query-handler>
               <lock-manager class="org.exoplatform.services.jcr.impl.core.lock.tokumx.ISPNCacheableLockManagerImpl">
                  <properties>
                     <property name="time-out" value="15m" />
                     <property name="infinispan-configuration" value="conf/standalone/test-infinispan-lock.xml" />
                     <property name="infinispan-cl-cache.mongodb.connection.uri" value="${connection-uri}" />
                     <property name="infinispan-cl-cache.mongodb.auto.commit" value="${auto-commit}" />
                     <property name="infinispan-cl-cache.mongodb.collection.name" value="db1ws" />
                  </properties>
               </lock-manager>
            </workspace>

            <workspace name="ws1">
               <container class="org.exoplatform.services.jcr.impl.storage.tokumx.MXWorkspaceDataContainer">
                  <properties>
                     <property name="max-buffer-size" value="200k" />
                     <property name="swap-directory" value="target/temp/swap/ws1" />
                     <property name="use-sequence-for-order-number" value="${use-sequence}" />
                     <property name="auto-commit" value="${auto-commit}" />
                     <property name="connection-uri" value="${connection-uri}" />
                  </properties>
                  <value-storages>
                     <value-storage id="ws1" class="org.exoplatform.services.jcr.impl.storage.value.gfs.GridFSValueStorage">
                        <properties>
                           <property name="connection-uri" value="${connection-uri}" />
                           <property name="enabled" value="${value-storage-enabled}" />
                        </properties>
                        <filters>
                           <filter property-type="Binary" />
                        </filters>
                     </value-storage>
                  </value-storages>
               </container>
               <cache enabled="${cache-enabled}" class="org.exoplatform.services.jcr.impl.dataflow.persistent.infinispan.ISPNCacheWorkspaceStorageCache">
                  <properties>
                     <property name="infinispan-configuration" value="conf/standalone/test-infinispan-config.xml" />
                  </properties>
               </cache>
               <query-handler class="org.exoplatform.services.jcr.impl.core.query.lucene.SearchIndex">
                  <properties>
                     <property name="index-dir" value="target/temp/index/db1/ws1" />
                     <property name="synonymprovider-class" value="org.exoplatform.services.jcr.impl.core.query.lucene.PropertiesSynonymProvider" />
                     <property name="synonymprovider-config-path" value="../../synonyms.properties" />
                     <property name="support-highlighting" value="true" />
                     <property name="indexing-configuration-path" value="../../indexing-configuration.xml" />
                     <property name="query-class" value="org.exoplatform.services.jcr.impl.core.query.QueryImpl" />
                     <property name="spellchecker-class" value="org.exoplatform.services.jcr.impl.core.query.lucene.spell.LuceneSpellChecker$FiveSecondsRefreshInterval" />
                     <property name="indexing-load-batching-threshold-node" value="5" />
                     <property name="indexing-load-batching-threshold-property" value="10" />
                  </properties>
               </query-handler>
               <lock-manager class="org.exoplatform.services.jcr.impl.core.lock.tokumx.ISPNCacheableLockManagerImpl">
                  <properties>
                     <property name="time-out" value="15m" />
                     <property name="infinispan-configuration" value="conf/standalone/test-infinispan-lock.xml" />
                     <property name="infinispan-cl-cache.mongodb.connection.uri" value="${connection-uri}" />
                     <property name="infinispan-cl-cache.mongodb.auto.commit" value="${auto-commit}" />
                  </properties>
               </lock-manager>
            </workspace>

            <workspace name="ws2" lazy-read-threshold="1">
               <container class="org.exoplatform.services.jcr.impl.storage.tokumx.MXWorkspaceDataContainer">
                  <properties>
                     <property name="max-buffer-size" value="200k" />
                     <property name="swap-directory" value="target/temp/swap/ws2" />
                     <property name="use-sequence-for-order-number" value="${use-sequence}" />
                     <property name="auto-commit" value="${auto-commit}" />
                     <property name="connection-uri" value="${connection-uri}" />
                  </properties>
                  <value-storages>
                     <value-storage id="ws2" class="org.exoplatform.services.jcr.impl.storage.value.gfs.GridFSValueStorage">
                        <properties>
                           <property name="connection-uri" value="${connection-uri}" />
                           <property name="enabled" value="${value-storage-enabled}" />
                        </properties>
                        <filters>
                           <filter property-type="Binary" />
                        </filters>
                     </value-storage>
                  </value-storages>
               </container>
               <cache enabled="${cache-enabled}" class="org.exoplatform.services.jcr.impl.dataflow.persistent.infinispan.ISPNCacheWorkspaceStorageCache">
                  <properties>
                     <property name="infinispan-configuration" value="conf/standalone/test-infinispan-config.xml" />
                  </properties>
               </cache>
               <query-handler class="org.exoplatform.services.jcr.impl.core.query.lucene.SearchIndex">
                  <properties>
                     <property name="index-dir" value="target/temp/index/db1/ws2" />
                     <property name="synonymprovider-class" value="org.exoplatform.services.jcr.impl.core.query.lucene.PropertiesSynonymProvider" />
                     <property name="synonymprovider-config-path" value="../../synonyms.properties" />
                     <property name="support-highlighting" value="true" />
                     <property name="indexing-configuration-path" value="../../indexing-configuration.xml" />
                     <property name="query-class" value="org.exoplatform.services.jcr.impl.core.query.QueryImpl" />
                     <property name="spellchecker-class" value="org.exoplatform.services.jcr.impl.core.query.lucene.spell.LuceneSpellChecker$FiveSecondsRefreshInterval" />
                     <property name="indexing-load-batching-threshold-node" value="5" />
                     <property name="indexing-load-batching-threshold-property" value="10" />
                  </properties>
               </query-handler>
               <lock-manager class="org.exoplatform.services.jcr.impl.core.lock.tokumx.ISPNCacheableLockManagerImpl">
                  <properties>
                     <property name="time-out" value="15m" />
                     <property name="infinispan-configuration" value="conf/standalone/test-infinispan-lock.xml" />
                     <property name="infinispan-cl-cache.mongodb.connection.uri" value="${connection-uri}" />
                     <property name="infinispan-cl-cache.mongodb.auto.commit" value="${auto-commit}" />
                  </properties>
               </lock-manager>
            </workspace>
            
            <workspace name="ws3">
               <!-- for system storage -->
               <container class="org.exoplatform.services.jcr.impl.storage.tokumx.MXWorkspaceDataContainer">
                  <properties>
                     <property name="max-buffer-size" value="200k" />
                     <property name="swap-directory" value="target/temp/swap/ws3" />
                     <property name="use-sequence-for-order-number" value="${use-sequence}" />
                     <property name="auto-commit" value="${auto-commit}" />
                     <property name="connection-uri" value="${connection-uri}" />
                  </properties>
                  <value-storages>
                      <!--
                      This storage is used to check whether properties are removed
                      correctly from each value-storage
                      (TestRemoveFromValueStorage.java)
                      -->
                     <value-storage id="ws3_big" class="org.exoplatform.services.jcr.impl.storage.value.gfs.GridFSValueStorage">
                        <properties>
                           <property name="collection-name-suffix" value="db1_ws3_big" />
                           <property name="connection-uri" value="${connection-uri}" />
                           <property name="enabled" value="${value-storage-enabled}" />
                        </properties>
                        <filters>
                           <filter property-type="Binary" min-value-size="1024K" />
                        </filters>
                     </value-storage>
                     <value-storage id="ws3" class="org.exoplatform.services.jcr.impl.storage.value.fs.CASableTreeFileValueStorage">
                        <properties>
                           <property name="path" value="target/temp/values/ws3" />
                           <property name="digest-algo" value="MD5" />
                           <property name="vcas-type" value="org.exoplatform.services.jcr.impl.storage.value.cas.JDBCValueContentAddressStorageImpl" />
                           <property name="jdbc-source-name" value="jdbcjcr" />
                           <property name="enabled" value="${value-storage-enabled}" />
                        </properties>
                        <filters>
                           <filter property-type="Binary" />
                        </filters>
                     </value-storage>
                  </value-storages>
               </container>
               <initializer class="org.exoplatform.services.jcr.impl.core.ScratchWorkspaceInitializer">
                  <properties>
                     <property name="root-nodetype" value="nt:unstructured" />
                  </properties>
               </initializer>
               <cache enabled="${cache-enabled}" class="org.exoplatform.services.jcr.impl.dataflow.persistent.infinispan.ISPNCacheWorkspaceStorageCache">
                  <properties>
                     <property name="infinispan-configuration" value="conf/standalone/test-infinispan-config.xml" />
                  </properties>
               </cache>
               <query-handler class="org.exoplatform.services.jcr.impl.core.query.lucene.SearchIndex">
                  <properties>
                     <property name="index-dir" value="target/temp/index/db1/ws3" />
                     <property name="synonymprovider-class" value="org.exoplatform.services.jcr.impl.core.query.lucene.PropertiesSynonymProvider" />
                     <property name="synonymprovider-config-path" value="../../synonyms.properties" />
                     <property name="support-highlighting" value="true" />
                     <property name="indexing-configuration-path" value="../../indexing-configuration.xml" />
                     <property name="query-class" value="org.exoplatform.services.jcr.impl.core.query.QueryImpl" />
                     <property name="spellchecker-class" value="org.exoplatform.services.jcr.impl.core.query.lucene.spell.LuceneSpellChecker$FiveSecondsRefreshInterval" />
                     <property name="indexing-load-batching-threshold-node" value="5" />
                     <property name="indexing-load-batching-threshold-property" value="10" />
                  </properties>
               </query-handler>
               <lock-manager class="org.exoplatform.services.jcr.impl.core.lock.tokumx.ISPNCacheableLockManagerImpl">
                  <properties>
                     <property name="time-out" value="15m" />
                     <property name="infinispan-configuration" value="conf/standalone/test-infinispan-lock.xml" />
                     <property name="infinispan-cl-cache.mongodb.connection.uri" value="${connection-uri}" />
                     <property name="infinispan-cl-cache.mongodb.auto.commit" value="${auto-commit}" />
                  </properties>
               </lock-manager>
            </workspace>
         </workspaces>
      </repository>

      <repository name="db2" system-workspace="ws" default-workspace="ws">
         <security-domain>exo-domain</security-domain>
         <!-- access-control>optional</access-control -->
         <!-- access-control>disable</access-control -->
         <session-max-age>1h</session-max-age>
         <authentication-policy>org.exoplatform.services.jcr.impl.core.access.JAASAuthenticator</authentication-policy>
         <workspaces>
            <workspace name="ws">
               <!-- for system storage -->
               <container class="org.exoplatform.services.jcr.impl.storage.tokumx.MXWorkspaceDataContainer">
                  <properties>
                     <property name="max-buffer-size" value="200k" />
                     <property name="swap-directory" value="target/temp/swap/wsdb2" />
                     <property name="use-sequence-for-order-number" value="${use-sequence}" />
                     <property name="auto-commit" value="${auto-commit}" />
                     <property name="connection-uri" value="${connection-uri}" />
                  </properties>
                  <value-storages>
                     <value-storage id="ws" class="org.exoplatform.services.jcr.impl.storage.value.gfs.GridFSValueStorage">
                        <properties>
                           <property name="connection-uri" value="${connection-uri}" />
                           <property name="enabled" value="${value-storage-enabled}" />
                        </properties>
                        <filters>
                           <filter property-type="Binary" min-value-size="100K" />
                        </filters>
                     </value-storage>
                  </value-storages>
               </container>
               <initializer class="org.exoplatform.services.jcr.impl.core.ScratchWorkspaceInitializer">
                  <properties>
                     <property name="root-nodetype" value="nt:unstructured" />
                     <property name="root-permissions" value="*:/platform/administrators read;*:/platform/administrators add_node;*:/platform/administrators set_property;*:/platform/administrators remove" />
                  </properties>
               </initializer>
               <cache enabled="${cache-enabled}" class="org.exoplatform.services.jcr.impl.dataflow.persistent.infinispan.ISPNCacheWorkspaceStorageCache">
                  <properties>
                     <property name="infinispan-configuration" value="conf/standalone/test-infinispan-config.xml" />
                  </properties>
               </cache>
               <query-handler class="org.exoplatform.services.jcr.impl.core.query.lucene.SearchIndex">
                  <properties>
                     <property name="index-dir" value="target/temp/index/db2/ws" />
                     <property name="indexing-load-batching-threshold-node" value="5" />
                     <property name="indexing-load-batching-threshold-property" value="10" />
                  </properties>
               </query-handler>
               <lock-manager class="org.exoplatform.services.jcr.impl.core.lock.tokumx.ISPNCacheableLockManagerImpl">
                  <properties>
                     <property name="time-out" value="15m" />
                     <property name="infinispan-configuration" value="conf/standalone/test-infinispan-lock.xml" />
                     <property name="infinispan-cl-cache.mongodb.connection.uri" value="${connection-uri}" />
                     <property name="infinispan-cl-cache.mongodb.auto.commit" value="${auto-commit}" />
                  </properties>
               </lock-manager>
            </workspace>

            <workspace name="ws1">
               <container class="org.exoplatform.services.jcr.impl.storage.tokumx.MXWorkspaceDataContainer">
                  <properties>
                     <property name="max-buffer-size" value="200k" />
                     <property name="swap-directory" value="target/temp/swap/ws1db2" />
                     <property name="use-sequence-for-order-number" value="${use-sequence}" />
                     <property name="auto-commit" value="${auto-commit}" />
                     <property name="connection-uri" value="${connection-uri}" />
                  </properties>
                  <value-storages>
                     <value-storage id="ws1" class="org.exoplatform.services.jcr.impl.storage.value.gfs.GridFSValueStorage">
                        <properties>
                           <property name="connection-uri" value="${connection-uri}" />
                           <property name="enabled" value="${value-storage-enabled}" />
                        </properties>
                        <filters>
                           <filter property-type="Binary" min-value-size="100K" />
                        </filters>
                     </value-storage>
                  </value-storages>
               </container>
               <initializer class="org.exoplatform.services.jcr.impl.core.ScratchWorkspaceInitializer">
                  <properties>
                     <property name="root-nodetype" value="nt:unstructured" />
                     <property name="root-permissions" value="any read;any add_node;any set_property;any remove" />
                  </properties>
               </initializer>
               <cache enabled="${cache-enabled}" class="org.exoplatform.services.jcr.impl.dataflow.persistent.infinispan.ISPNCacheWorkspaceStorageCache">
                  <properties>
                     <property name="infinispan-configuration" value="conf/standalone/test-infinispan-config.xml" />
                  </properties>
               </cache>
               <query-handler class="org.exoplatform.services.jcr.impl.core.query.lucene.SearchIndex">
                  <properties>
                     <property name="index-dir" value="target/temp/index/db2/ws1" />
                     <property name="indexing-load-batching-threshold-node" value="5" />
                     <property name="indexing-load-batching-threshold-property" value="10" />
                  </properties>
               </query-handler>
               <lock-manager class="org.exoplatform.services.jcr.impl.core.lock.tokumx.ISPNCacheableLockManagerImpl">
                  <properties>
                     <property name="time-out" value="15m" />
                     <property name="infinispan-configuration" value="conf/standalone/test-infinispan-lock.xml" />
                     <property name="infinispan-cl-cache.mongodb.connection.uri" value="${connection-uri}" />
                     <property name="infinispan-cl-cache.mongodb.auto.commit" value="${auto-commit}" />
                  </properties>
               </lock-manager>
            </workspace>
         </workspaces>
      </repository>

      <repository name="db1tck" system-workspace="ws" default-workspace="ws">
         <security-domain>exo-domain</security-domain>
         <!-- access-control>optional</access-control -->
         <!-- access-control>disable</access-control -->
         <session-max-age>1h</session-max-age>
         <authentication-policy>org.exoplatform.services.jcr.impl.core.access.JAASAuthenticator</authentication-policy>
         <workspaces>
            <workspace name="ws">
               <!-- for system storage -->
               <container class="org.exoplatform.services.jcr.impl.storage.tokumx.MXWorkspaceDataContainer">
                  <properties>
                     <property name="max-buffer-size" value="200k" />
                     <property name="swap-directory" value="target/temp/swap/wstck" />
                     <property name="use-sequence-for-order-number" value="${use-sequence}" />
                     <property name="auto-commit" value="${auto-commit}" />
                     <property name="connection-uri" value="${connection-uri}" />
                  </properties>
                  <value-storages>
                     <value-storage id="ws" class="org.exoplatform.services.jcr.impl.storage.value.gfs.GridFSValueStorage">
                        <properties>
                           <property name="connection-uri" value="${connection-uri}" />
                           <property name="enabled" value="${value-storage-enabled}" />
                        </properties>
                        <filters>
                           <filter property-type="Binary" min-value-size="100K" />
                        </filters>
                     </value-storage>
                  </value-storages>
               </container>
               <initializer class="org.exoplatform.services.jcr.impl.core.ScratchWorkspaceInitializer">
                  <properties>
                     <property name="root-nodetype" value="nt:unstructured" />
                     <property name="root-permissions" value="any read;*:/platform/administrators read;*:/platform/administrators add_node;*:/platform/administrators set_property;*:/platform/administrators remove" />
                  </properties>
               </initializer>
               <cache enabled="${cache-enabled}" class="org.exoplatform.services.jcr.impl.dataflow.persistent.infinispan.ISPNCacheWorkspaceStorageCache">
                  <properties>
                     <property name="infinispan-configuration" value="conf/standalone/test-infinispan-config.xml" />
                  </properties>
               </cache>
               <query-handler class="org.exoplatform.services.jcr.impl.core.query.lucene.SearchIndex">
                  <properties>
                     <property name="index-dir" value="target/temp/index/db1tck/ws" />
                     <property name="synonymprovider-class" value="org.exoplatform.services.jcr.impl.core.query.lucene.PropertiesSynonymProvider" />
                     <property name="synonymprovider-config-path" value="../../synonyms.properties" />
                     <property name="support-highlighting" value="true" />
                     <property name="indexing-configuration-path" value="../../indexing-configuration.xml" />
                     <property name="query-class" value="org.exoplatform.services.jcr.impl.core.query.QueryImpl" />
                     <property name="excerptprovider-class" value="org.exoplatform.services.jcr.impl.core.query.lucene.WeightedHTMLExcerpt" />
                     <property name="spellchecker-class" value="org.exoplatform.services.jcr.impl.core.query.lucene.spell.LuceneSpellChecker$FiveSecondsRefreshInterval" />
                     <property name="indexing-load-batching-threshold-node" value="5" />
                     <property name="indexing-load-batching-threshold-property" value="10" />
                  </properties>
               </query-handler>
               <lock-manager class="org.exoplatform.services.jcr.impl.core.lock.tokumx.ISPNCacheableLockManagerImpl">
                  <properties>
                     <property name="time-out" value="15m" />
                     <property name="infinispan-configuration" value="conf/standalone/test-infinispan-lock.xml" />
                     <property name="infinispan-cl-cache.mongodb.connection.uri" value="${connection-uri}" />
                     <property name="infinispan-cl-cache.mongodb.auto.commit" value="${auto-commit}" />
                  </properties>
               </lock-manager>
            </workspace>

            <workspace name="ws1">
               <container class="org.exoplatform.services.jcr.impl.storage.tokumx.MXWorkspaceDataContainer">
                  <properties>
                     <property name="max-buffer-size" value="200k" />
                     <property name="swap-directory" value="target/temp/swap/ws1tck" />
                     <property name="use-sequence-for-order-number" value="${use-sequence}" />
                     <property name="auto-commit" value="${auto-commit}" />
                     <property name="connection-uri" value="${connection-uri}" />
                  </properties>
                  <value-storages>
                     <value-storage id="ws1" class="org.exoplatform.services.jcr.impl.storage.value.gfs.GridFSValueStorage">
                        <properties>
                           <property name="connection-uri" value="${connection-uri}" />
                           <property name="enabled" value="${value-storage-enabled}" />
                        </properties>
                        <filters>
                           <filter property-type="Binary" min-value-size="100K" />
                        </filters>
                     </value-storage>
                  </value-storages>
               </container>
               <initializer class="org.exoplatform.services.jcr.impl.core.ScratchWorkspaceInitializer">
                  <properties>
                     <property name="root-nodetype" value="nt:unstructured" />
                     <property name="root-permissions" value="any read;*:/platform/administrators read;*:/platform/administrators add_node;*:/platform/administrators set_property;*:/platform/administrators remove" />
                  </properties>
               </initializer>
               <cache enabled="${cache-enabled}" class="org.exoplatform.services.jcr.impl.dataflow.persistent.infinispan.ISPNCacheWorkspaceStorageCache">
                  <properties>
                     <property name="infinispan-configuration" value="conf/standalone/test-infinispan-config.xml" />
                  </properties>
               </cache>
               <query-handler class="org.exoplatform.services.jcr.impl.core.query.lucene.SearchIndex">
                  <properties>
                     <property name="index-dir" value="target/temp/index/db1tck/ws1" />
                     <property name="synonymprovider-class" value="org.exoplatform.services.jcr.impl.core.query.lucene.PropertiesSynonymProvider" />
                     <property name="synonymprovider-config-path" value="../../synonyms.properties" />
                     <property name="support-highlighting" value="true" />
                     <property name="indexing-configuration-path" value="../../indexing-configuration.xml" />
                     <property name="query-class" value="org.exoplatform.services.jcr.impl.core.query.QueryImpl" />
                     <property name="spellchecker-class" value="org.exoplatform.services.jcr.impl.core.query.lucene.spell.LuceneSpellChecker$FiveSecondsRefreshInterval" />
                     <property name="indexing-load-batching-threshold-node" value="5" />
                     <property name="indexing-load-batching-threshold-property" value="10" />
                  </properties>
               </query-handler>
               <lock-manager class="org.exoplatform.services.jcr.impl.core.lock.tokumx.ISPNCacheableLockManagerImpl">
                  <properties>
                     <property name="time-out" value="15m" />
                     <property name="infinispan-configuration" value="conf/standalone/test-infinispan-lock.xml" />
                     <property name="infinispan-cl-cache.mongodb.connection.uri" value="${connection-uri}" />
                     <property name="infinispan-cl-cache.mongodb.auto.commit" value="${auto-commit}" />
                  </properties>
               </lock-manager>
            </workspace>

            <workspace name="ws2">
               <container class="org.exoplatform.services.jcr.impl.storage.tokumx.MXWorkspaceDataContainer">
                  <properties>
                     <property name="max-buffer-size" value="200k" />
                     <property name="swap-directory" value="target/temp/swap/ws2tck" />
                     <property name="use-sequence-for-order-number" value="${use-sequence}" />
                     <property name="auto-commit" value="${auto-commit}" />
                     <property name="connection-uri" value="${connection-uri}" />
                  </properties>
                  <value-storages>
                     <value-storage id="ws2" class="org.exoplatform.services.jcr.impl.storage.value.gfs.GridFSValueStorage">
                        <properties>
                           <property name="connection-uri" value="${connection-uri}" />
                           <property name="enabled" value="${value-storage-enabled}" />
                        </properties>
                        <filters>
                           <filter property-type="Binary" min-value-size="100K" />
                        </filters>
                     </value-storage>
                  </value-storages>
               </container>
               <initializer class="org.exoplatform.services.jcr.impl.core.ScratchWorkspaceInitializer">
                  <properties>
                     <property name="root-nodetype" value="nt:unstructured" />
                     <property name="root-permissions" value="any read;*:/platform/administrators read;*:/platform/administrators add_node;*:/platform/administrators set_property;*:/platform/administrators remove" />
                  </properties>
               </initializer>
               <cache enabled="${cache-enabled}" class="org.exoplatform.services.jcr.impl.dataflow.persistent.infinispan.ISPNCacheWorkspaceStorageCache">
                  <properties>
                     <property name="infinispan-configuration" value="conf/standalone/test-infinispan-config.xml" />
                  </properties>
               </cache>
               <query-handler class="org.exoplatform.services.jcr.impl.core.query.lucene.SearchIndex">
                  <properties>
                     <property name="index-dir" value="target/temp/index/db1tck/ws2" />
                     <property name="synonymprovider-class" value="org.exoplatform.services.jcr.impl.core.query.lucene.PropertiesSynonymProvider" />
                     <property name="synonymprovider-config-path" value="../../synonyms.properties" />
                     <property name="support-highlighting" value="true" />
                     <property name="indexing-configuration-path" value="../../indexing-configuration.xml" />
                     <property name="query-class" value="org.exoplatform.services.jcr.impl.core.query.QueryImpl" />
                     <property name="spellchecker-class" value="org.exoplatform.services.jcr.impl.core.query.lucene.spell.LuceneSpellChecker$FiveSecondsRefreshInterval" />
                     <property name="excerptprovider-class" value="org.exoplatform.services.jcr.impl.core.query.lucene.WeightedHTMLExcerpt"/>
                     <property name="extractorPoolSize" value="2"/>
                     <property name="extractorTimeout" value="10"/>
                     <property name="indexing-load-batching-threshold-node" value="5" />
                     <property name="indexing-load-batching-threshold-property" value="10" />
                  </properties>
               </query-handler>
               <lock-manager class="org.exoplatform.services.jcr.impl.core.lock.tokumx.ISPNCacheableLockManagerImpl">
                  <properties>
                     <property name="time-out" value="15m" />
                     <property name="infinispan-configuration" value="conf/standalone/test-infinispan-lock.xml" />
                     <property name="infinispan-cl-cache.mongodb.connection.uri" value="${connection-uri}" />
                     <property name="infinispan-cl-cache.mongodb.auto.commit" value="${auto-commit}" />
                  </properties>
               </lock-manager>
            </workspace>
         </workspaces>
      </repository>
   </repositories>
</repository-service>
